<?xml version="1.0" encoding="UTF-8"?>
<testsuite xmlns:xsi="http://www.w3.org/2001/XMLSchema-instance" xsi:noNamespaceSchemaLocation="https://maven.apache.org/surefire/maven-surefire-plugin/xsd/surefire-test-report.xsd" name="com.t1ne.model.users.ClientTest" time="0.058" tests="5" errors="5" skipped="0" failures="0">
  <properties>
    <property name="java.specification.version" value="13"/>
    <property name="sun.cpu.isalist" value="amd64"/>
    <property name="sun.jnu.encoding" value="Cp1251"/>
    <property name="java.class.path" value="H:\ForEPAM\Project\SportsClub\target\test-classes;H:\ForEPAM\Project\SportsClub\target\classes;C:\Users\olchi\.m2\repository\javax\servlet\javax.servlet-api\3.0.1\javax.servlet-api-3.0.1.jar;C:\Users\olchi\.m2\repository\javax\servlet\jsp\jstl\jstl-api\1.2\jstl-api-1.2.jar;C:\Users\olchi\.m2\repository\javax\servlet\servlet-api\2.5\servlet-api-2.5.jar;C:\Users\olchi\.m2\repository\javax\servlet\jsp\jsp-api\2.1\jsp-api-2.1.jar;C:\Users\olchi\.m2\repository\taglibs\standard\1.1.2\standard-1.1.2.jar;C:\Users\olchi\.m2\repository\mysql\mysql-connector-java\8.0.20\mysql-connector-java-8.0.20.jar;C:\Users\olchi\.m2\repository\com\google\protobuf\protobuf-java\3.6.1\protobuf-java-3.6.1.jar;C:\Users\olchi\.m2\repository\junit\junit\4.11\junit-4.11.jar;C:\Users\olchi\.m2\repository\org\hamcrest\hamcrest-core\1.3\hamcrest-core-1.3.jar;C:\Users\olchi\.m2\repository\org\mockito\mockito-all\1.10.19\mockito-all-1.10.19.jar;C:\Users\olchi\.m2\repository\org\apache\logging\log4j\log4j-core\2.13.2\log4j-core-2.13.2.jar;C:\Users\olchi\.m2\repository\org\apache\logging\log4j\log4j-api\2.13.2\log4j-api-2.13.2.jar;C:\Users\olchi\.m2\repository\org\apache\logging\log4j\log4j-web\2.13.2\log4j-web-2.13.2.jar;"/>
    <property name="java.vm.vendor" value="Oracle Corporation"/>
    <property name="sun.arch.data.model" value="64"/>
    <property name="user.variant" value=""/>
    <property name="java.vendor.url" value="https://java.oracle.com/"/>
    <property name="user.timezone" value="Europe/Kiev"/>
    <property name="os.name" value="Windows 10"/>
    <property name="java.vm.specification.version" value="13"/>
    <property name="sun.java.launcher" value="SUN_STANDARD"/>
    <property name="user.country" value="UA"/>
    <property name="sun.boot.library.path" value="C:\Program Files\Java\jdk-13.0.1\bin"/>
    <property name="sun.java.command" value="C:\Users\olchi\AppData\Local\Temp\surefire4535817438753914786\surefirebooter7342349876596475492.jar C:\Users\olchi\AppData\Local\Temp\surefire4535817438753914786 2020-05-11T21-31-21_043-jvmRun1 surefire16987054265153426781tmp surefire_05051967222433006151tmp"/>
    <property name="jdk.debug" value="release"/>
    <property name="surefire.test.class.path" value="H:\ForEPAM\Project\SportsClub\target\test-classes;H:\ForEPAM\Project\SportsClub\target\classes;C:\Users\olchi\.m2\repository\javax\servlet\javax.servlet-api\3.0.1\javax.servlet-api-3.0.1.jar;C:\Users\olchi\.m2\repository\javax\servlet\jsp\jstl\jstl-api\1.2\jstl-api-1.2.jar;C:\Users\olchi\.m2\repository\javax\servlet\servlet-api\2.5\servlet-api-2.5.jar;C:\Users\olchi\.m2\repository\javax\servlet\jsp\jsp-api\2.1\jsp-api-2.1.jar;C:\Users\olchi\.m2\repository\taglibs\standard\1.1.2\standard-1.1.2.jar;C:\Users\olchi\.m2\repository\mysql\mysql-connector-java\8.0.20\mysql-connector-java-8.0.20.jar;C:\Users\olchi\.m2\repository\com\google\protobuf\protobuf-java\3.6.1\protobuf-java-3.6.1.jar;C:\Users\olchi\.m2\repository\junit\junit\4.11\junit-4.11.jar;C:\Users\olchi\.m2\repository\org\hamcrest\hamcrest-core\1.3\hamcrest-core-1.3.jar;C:\Users\olchi\.m2\repository\org\mockito\mockito-all\1.10.19\mockito-all-1.10.19.jar;C:\Users\olchi\.m2\repository\org\apache\logging\log4j\log4j-core\2.13.2\log4j-core-2.13.2.jar;C:\Users\olchi\.m2\repository\org\apache\logging\log4j\log4j-api\2.13.2\log4j-api-2.13.2.jar;C:\Users\olchi\.m2\repository\org\apache\logging\log4j\log4j-web\2.13.2\log4j-web-2.13.2.jar;"/>
    <property name="sun.cpu.endian" value="little"/>
    <property name="user.home" value="C:\Users\olchi"/>
    <property name="user.language" value="uk"/>
    <property name="java.specification.vendor" value="Oracle Corporation"/>
    <property name="java.version.date" value="2019-10-15"/>
    <property name="java.home" value="C:\Program Files\Java\jdk-13.0.1"/>
    <property name="file.separator" value="\"/>
    <property name="basedir" value="H:\ForEPAM\Project\SportsClub"/>
    <property name="java.vm.compressedOopsMode" value="Zero based"/>
    <property name="line.separator" value="&#10;"/>
    <property name="java.vm.specification.vendor" value="Oracle Corporation"/>
    <property name="java.specification.name" value="Java Platform API Specification"/>
    <property name="idea.version2020.1.1" value="true"/>
    <property name="surefire.real.class.path" value="C:\Users\olchi\AppData\Local\Temp\surefire4535817438753914786\surefirebooter7342349876596475492.jar"/>
    <property name="user.script" value=""/>
    <property name="sun.management.compiler" value="HotSpot 64-Bit Tiered Compilers"/>
    <property name="java.runtime.version" value="13.0.1+9"/>
    <property name="user.name" value="Oleh"/>
    <property name="path.separator" value=";"/>
    <property name="os.version" value="10.0"/>
    <property name="java.runtime.name" value="Java(TM) SE Runtime Environment"/>
    <property name="file.encoding" value="Cp1251"/>
    <property name="java.vm.name" value="Java HotSpot(TM) 64-Bit Server VM"/>
    <property name="localRepository" value="C:\Users\olchi\.m2\repository"/>
    <property name="java.vendor.url.bug" value="https://bugreport.java.com/bugreport/"/>
    <property name="java.io.tmpdir" value="C:\Users\olchi\AppData\Local\Temp\"/>
    <property name="java.version" value="13.0.1"/>
    <property name="user.dir" value="H:\ForEPAM\Project\SportsClub"/>
    <property name="os.arch" value="amd64"/>
    <property name="java.vm.specification.name" value="Java Virtual Machine Specification"/>
    <property name="sun.os.patch.level" value=""/>
    <property name="java.library.path" value="C:\Program Files\Java\jdk-13.0.1\bin;C:\WINDOWS\Sun\Java\bin;C:\WINDOWS\system32;C:\WINDOWS;C:\Program Files (x86)\Common Files\Oracle\Java\javapath;C:\ProgramData\Oracle\Java\javapath;C:\Program Files (x86)\Embarcadero\Studio\20.0\bin;C:\Users\Public\Documents\Embarcadero\Studio\20.0\Bpl;C:\Program Files (x86)\Embarcadero\Studio\20.0\bin64;C:\Users\Public\Documents\Embarcadero\Studio\20.0\Bpl\Win64;C:\Windows\system32;C:\Windows;C:\Windows\System32\Wbem;C:\Windows\System32\WindowsPowerShell\v1.0\;C:\Windows\System32\OpenSSH\;C:\Program Files (x86)\NVIDIA Corporation\PhysX\Common;C:\Program Files\dotnet\;C:\TDM-GCC-64\bin;C:\Program Files\Microsoft SQL Server\130\Tools\Binn\;C:\Program Files\NVIDIA Corporation\NVIDIA NvDLISR;C:\Program Files\Git\cmd;C:\WINDOWS\system32;C:\WINDOWS;C:\WINDOWS\System32\Wbem;C:\WINDOWS\System32\WindowsPowerShell\v1.0\;C:\WINDOWS\System32\OpenSSH\;%JAVA_HOME%\bin;C:\Program Files\Java\jdk1.8.0_201\bin;C:\Program Files\TortoiseGit\bin;C:\Program Files\nodejs\;C:\Program Files (x86)\Yarn\bin\;C:\Program Files\Docker\Docker\resources\bin;C:\ProgramData\DockerDesktop\version-bin;C:\Program Files\Redis\;C:\Program Files\MySQL\MySQL Shell 8.0\bin\;C:\Ruby26-x64\bin;C:\Users\olchi\AppData\Local\Programs\Python\Python38-32\Scripts\;C:\Users\olchi\AppData\Local\Programs\Python\Python38-32\;C:\Ruby25-x64\bin;C:\Users\olchi\AppData\Local\Microsoft\WindowsApps;C:\Users\olchi\AppData\Local\GitHubDesktop\bin;C:\Users\olchi\AppData\Local\Microsoft\WindowsApps;C:\Program Files\JetBrains\IntelliJ IDEA 2019.3.2\bin;C:\Program Files\JetBrains\WebStorm 2019.3.3\bin;C:\Program Files\JetBrains\PyCharm 2019.3.3\bin;C:\Gradle\gradle-6.2.2\bin;C:\apache-maven-3.6.3\bin;C:\Users\olchi\AppData\Roaming\npm;C:\Users\olchi\AppData\Local\Yarn\bin;C:\Program Files\Sublime Text 3;C:\Cmder;C:\Users\olchi\AppData\Local\atom\bin;C:\Program Files\heroku\bin;C:\Program Files\OpenSSL-Win64\bin;."/>
    <property name="java.vm.info" value="mixed mode, sharing"/>
    <property name="java.vendor" value="Oracle Corporation"/>
    <property name="java.vm.version" value="13.0.1+9"/>
    <property name="sun.io.unicode.encoding" value="UnicodeLittle"/>
    <property name="java.class.version" value="57.0"/>
  </properties>
  <testcase name="initializationError" classname="com.t1ne.model.users.ClientTest" time="0.006">
    <error message="Test class should have exactly one public constructor" type="java.lang.Exception">java.lang.Exception: Test class should have exactly one public constructor
</error>
  </testcase>
  <testcase name="initializationError" classname="com.t1ne.model.users.ClientTest" time="0">
    <error message="Class com.t1ne.model.users.ClientTest should be public" type="java.lang.Exception">java.lang.Exception: Class com.t1ne.model.users.ClientTest should be public
</error>
  </testcase>
  <testcase name="initializationError" classname="com.t1ne.model.users.ClientTest" time="0">
    <error message="Class com.t1ne.model.users.ClientTest should be public" type="java.lang.Exception">java.lang.Exception: Class com.t1ne.model.users.ClientTest should be public
</error>
  </testcase>
  <testcase name="initializationError" classname="com.t1ne.model.users.ClientTest" time="0">
    <error message="Class com.t1ne.model.users.ClientTest should be public" type="java.lang.Exception">java.lang.Exception: Class com.t1ne.model.users.ClientTest should be public
</error>
  </testcase>
  <testcase name="initializationError" classname="com.t1ne.model.users.ClientTest" time="0.001">
    <error message="Class com.t1ne.model.users.ClientTest should be public" type="java.lang.Exception">java.lang.Exception: Class com.t1ne.model.users.ClientTest should be public
</error>
  </testcase>
</testsuite>